<?xml version="1.0" encoding="utf-8"?><testsuites name="pytest tests"><testsuite name="pytest" errors="0" failures="0" skipped="0" tests="10" time="37.403" timestamp="2026-06-28T18:22:17.572776+00:00" hostname="agent-env-3c0a393d-d718-444d-bdc5-93b31de5b687"><testcase classname="backend.tests.test_new_features.TestCompanyPack" name="test_generate_with_company_google" time="6.608" /><testcase classname="backend.tests.test_new_features.TestCompanyPack" name="test_generate_without_company" time="3.848" /><testcase classname="backend.tests.test_new_features.TestCompanyPack" name="test_evaluate_persists_company" time="18.621" /><testcase classname="backend.tests.test_new_features.TestVoice" name="test_transcribe_requires_auth" time="0.116" /><testcase classname="backend.tests.test_new_features.TestVoice" name="test_transcribe_missing_file" time="0.099" /><testcase classname="backend.tests.test_new_features.TestVoice" name="test_transcribe_with_valid_wav" time="1.047" /><testcase classname="backend.tests.test_new_features.TestResumeDiff" name="test_diff_requires_auth" time="0.126" /><testcase classname="backend.tests.test_new_features.TestResumeDiff" name="test_diff_missing_ids" time="0.190" /><testcase classname="backend.tests.test_new_features.TestResumeDiff" name="test_diff_unowned" time="6.575" /><testcase classname="backend.tests.test_new_features.TestResumeDiff" name="test_diff_valid" time="0.097" /></testsuite></testsuites>