<?xml version="1.0" encoding="utf-8"?><testsuites name="pytest tests"><testsuite name="pytest" errors="0" failures="0" skipped="1" tests="14" time="32.394" timestamp="2026-04-26T20:20:26.886447+00:00" hostname="agent-env-3c0a393d-d718-444d-bdc5-93b31de5b687"><testcase classname="backend.tests.backend_test.TestAuth" name="test_signup_new_user" time="0.490" /><testcase classname="backend.tests.backend_test.TestAuth" name="test_signup_duplicate_email" time="0.052" /><testcase classname="backend.tests.backend_test.TestAuth" name="test_login_success" time="0.268" /><testcase classname="backend.tests.backend_test.TestAuth" name="test_login_wrong_password" time="0.272" /><testcase classname="backend.tests.backend_test.TestAuth" name="test_me_with_token" time="0.327" /><testcase classname="backend.tests.backend_test.TestAuth" name="test_me_without_token" time="0.163" /><testcase classname="backend.tests.backend_test.TestResume" name="test_analyze_with_text" time="6.798" /><testcase classname="backend.tests.backend_test.TestResume" name="test_analyze_empty_inputs" time="0.123" /><testcase classname="backend.tests.backend_test.TestInterview" name="test_generate_questions" time="5.130" /><testcase classname="backend.tests.backend_test.TestInterview" name="test_generate_invalid_difficulty" time="0.126" /><testcase classname="backend.tests.backend_test.TestInterview" name="test_evaluate_and_persist" time="18.139" /><testcase classname="backend.tests.backend_test.TestInterview" name="test_compare_two" time="0.162"><skipped type="pytest.skip" message="Need at least 2 interviews to compare">/app/backend/tests/backend_test.py:161: Need at least 2 interviews to compare</skipped></testcase><testcase classname="backend.tests.backend_test.TestInterview" name="test_unauthenticated" time="0.103" /><testcase classname="backend.tests.backend_test.TestDashboard" name="test_stats" time="0.106" /></testsuite></testsuites>